<?xml version="1.0" encoding="UTF-8"?>
<!-- Generated by org.testng.reporters.JUnitReportReporter -->
<testsuite name="com.course.cases.LoginTest" tests="2" time="1.579" ignored="0" failures="0" timestamp="15 Apr 2021 06:22:25 GMT" skipped="0" hostname="DESKTOP-0EGIJD1" errors="0">
  <testcase name="loginFalse" time="0.062" classname="com.course.cases.LoginTest"/>
  <testcase name="loginTrue" time="1.517" classname="com.course.cases.LoginTest"/>
</testsuite> <!-- com.course.cases.LoginTest -->
