<?xml version="1.0" encoding="UTF-8"?>
<!-- Generated by org.testng.reporters.JUnitReportReporter -->
<testsuite name="com.course.cases.UpdateUserInfoTest" tests="2" time="6.124" ignored="0" failures="0" timestamp="09 Apr 2021 06:38:25 GMT" skipped="0" hostname="DESKTOP-0EGIJD1" errors="0">
  <testcase name="updateUserInfo" time="3.064" classname="com.course.cases.UpdateUserInfoTest"/>
  <testcase name="deleteUser" time="3.060" classname="com.course.cases.UpdateUserInfoTest"/>
</testsuite> <!-- com.course.cases.UpdateUserInfoTest -->
