<?xml version="1.0" encoding="UTF-8"?>
<!-- Generated by org.testng.reporters.JUnitReportReporter -->
<testsuite name="com.course.cases.GetUserInfoListTest" tests="1" time="0.061" ignored="0" failures="0" timestamp="09 Apr 2021 06:38:25 GMT" skipped="0" hostname="DESKTOP-0EGIJD1" errors="0">
  <testcase name="getUserListInfo" time="0.061" classname="com.course.cases.GetUserInfoListTest"/>
</testsuite> <!-- com.course.cases.GetUserInfoListTest -->
