<?xml version="1.0" encoding="UTF-8"?>
<!-- Generated by org.testng.reporters.JUnitReportReporter -->
<testsuite name="com.course.cases.LoginTest" tests="2" time="0.707" ignored="0" failures="0" timestamp="09 Apr 2021 06:38:25 GMT" skipped="0" hostname="DESKTOP-0EGIJD1" errors="0">
  <testcase name="loginFalse" time="0.051" classname="com.course.cases.LoginTest"/>
  <testcase name="loginTrue" time="0.656" classname="com.course.cases.LoginTest"/>
</testsuite> <!-- com.course.cases.LoginTest -->
