<?xml version="1.0" encoding="UTF-8"?>
<testsuite xmlns:xsi="http://www.w3.org/2001/XMLSchema-instance" xsi:schemaLocation="https://maven.apache.org/surefire/maven-surefire-plugin/xsd/surefire-test-report.xsd" name="TestSuite" time="11.323" tests="7" errors="0" skipped="5" failures="2">
  <properties>
    <property name="java.runtime.name" value="Java(TM) SE Runtime Environment"/>
    <property name="sun.boot.library.path" value="E:\Java\jdk1.8.0_271\jre\bin"/>
    <property name="java.vm.version" value="25.271-b09"/>
    <property name="java.vm.vendor" value="Oracle Corporation"/>
    <property name="maven.multiModuleProjectDirectory" value="F:\java\workspace\api_auto5"/>
    <property name="java.vendor.url" value="http://java.oracle.com/"/>
    <property name="path.separator" value=";"/>
    <property name="guice.disable.misplaced.annotation.check" value="true"/>
    <property name="java.vm.name" value="Java HotSpot(TM) 64-Bit Server VM"/>
    <property name="file.encoding.pkg" value="sun.io"/>
    <property name="user.script" value=""/>
    <property name="user.country" value="CN"/>
    <property name="sun.java.launcher" value="SUN_STANDARD"/>
    <property name="sun.os.patch.level" value=""/>
    <property name="java.vm.specification.name" value="Java Virtual Machine Specification"/>
    <property name="user.dir" value="F:\java\workspace\api_auto5"/>
    <property name="java.runtime.version" value="1.8.0_271-b09"/>
    <property name="java.awt.graphicsenv" value="sun.awt.Win32GraphicsEnvironment"/>
    <property name="java.endorsed.dirs" value="E:\Java\jdk1.8.0_271\jre\lib\endorsed"/>
    <property name="os.arch" value="amd64"/>
    <property name="java.io.tmpdir" value="C:\Users\DN\AppData\Local\Temp\"/>
    <property name="line.separator" value="&#10;"/>
    <property name="java.vm.specification.vendor" value="Oracle Corporation"/>
    <property name="user.variant" value=""/>
    <property name="os.name" value="Windows 10"/>
    <property name="classworlds.conf" value="F:\apache-maven-3.6.3\bin\..\bin\m2.conf"/>
    <property name="sun.jnu.encoding" value="GBK"/>
    <property name="java.library.path" value="E:\Java\jdk1.8.0_271\bin;C:\WINDOWS\Sun\Java\bin;C:\WINDOWS\system32;C:\WINDOWS;C:/Program Files/Java/jre1.8.0_281/bin/server;C:/Program Files/Java/jre1.8.0_281/bin;C:/Program Files/Java/jre1.8.0_281/lib/amd64;C:\Program Files (x86)\Common Files\Oracle\Java\javapath;E:\TortoiseSVN\bin;E:\Git\cmd;C:\Program Files\MySQL\bin;;C:\WINDOWS\system32;C:\WINDOWS;C:\WINDOWS\System32\Wbem;C:\WINDOWS\System32\WindowsPowerShell\v1.0\;C:\WINDOWS\System32\OpenSSH\;E:\Java\jdk1.8.0_271\bin;C:\Windows/system32;C:\Windows;C:\Program Files\Google\Chrome\Application;F:\apache-maven-3.6.3\bin;;E:\Fiddler;%USERPROFILE%\AppData\Local\Microsoft\WindowsApps;F:\eclipse;;."/>
    <property name="maven.conf" value="F:\apache-maven-3.6.3\bin\../conf"/>
    <property name="java.specification.name" value="Java Platform API Specification"/>
    <property name="java.class.version" value="52.0"/>
    <property name="sun.management.compiler" value="HotSpot 64-Bit Tiered Compilers"/>
    <property name="os.version" value="10.0"/>
    <property name="library.jansi.path" value="F:\apache-maven-3.6.3\bin\..\lib\jansi-native"/>
    <property name="user.home" value="C:\Users\DN"/>
    <property name="user.timezone" value="Asia/Shanghai"/>
    <property name="java.awt.printerjob" value="sun.awt.windows.WPrinterJob"/>
    <property name="java.specification.version" value="1.8"/>
    <property name="file.encoding" value="UTF-8"/>
    <property name="user.name" value="DN"/>
    <property name="java.class.path" value="F:\apache-maven-3.6.3\bin\..\boot\plexus-classworlds-2.6.0.jar"/>
    <property name="java.vm.specification.version" value="1.8"/>
    <property name="sun.arch.data.model" value="64"/>
    <property name="java.home" value="E:\Java\jdk1.8.0_271\jre"/>
    <property name="sun.java.command" value="org.codehaus.plexus.classworlds.launcher.Launcher clean package"/>
    <property name="java.specification.vendor" value="Oracle Corporation"/>
    <property name="user.language" value="zh"/>
    <property name="awt.toolkit" value="sun.awt.windows.WToolkit"/>
    <property name="java.vm.info" value="mixed mode"/>
    <property name="java.version" value="1.8.0_271"/>
    <property name="java.ext.dirs" value="E:\Java\jdk1.8.0_271\jre\lib\ext;C:\WINDOWS\Sun\Java\lib\ext"/>
    <property name="sun.boot.class.path" value="E:\Java\jdk1.8.0_271\jre\lib\resources.jar;E:\Java\jdk1.8.0_271\jre\lib\rt.jar;E:\Java\jdk1.8.0_271\jre\lib\sunrsasign.jar;E:\Java\jdk1.8.0_271\jre\lib\jsse.jar;E:\Java\jdk1.8.0_271\jre\lib\jce.jar;E:\Java\jdk1.8.0_271\jre\lib\charsets.jar;E:\Java\jdk1.8.0_271\jre\lib\jfr.jar;E:\Java\jdk1.8.0_271\jre\classes"/>
    <property name="sun.stderr.encoding" value="ms936"/>
    <property name="java.vendor" value="Oracle Corporation"/>
    <property name="maven.home" value="F:\apache-maven-3.6.3\bin\.."/>
    <property name="file.separator" value="\"/>
    <property name="java.vendor.url.bug" value="http://bugreport.sun.com/bugreport/"/>
    <property name="sun.cpu.endian" value="little"/>
    <property name="sun.io.unicode.encoding" value="UnicodeLittle"/>
    <property name="sun.stdout.encoding" value="ms936"/>
    <property name="sun.desktop" value="windows"/>
    <property name="sun.cpu.isalist" value="amd64"/>
  </properties>
  <testcase name="loginTrue" classname="com.course.cases.LoginTest" time="5.322">
    <failure message="Connection to http://localhost:8998 refused" type="org.apache.http.conn.HttpHostConnectException">org.apache.http.conn.HttpHostConnectException: Connection to http://localhost:8998 refused
	at com.course.cases.LoginTest.getResult(LoginTest.java:74)
	at com.course.cases.LoginTest.loginTrue(LoginTest.java:42)
Caused by: java.net.ConnectException: Connection refused: connect
	at com.course.cases.LoginTest.getResult(LoginTest.java:74)
	at com.course.cases.LoginTest.loginTrue(LoginTest.java:42)
</failure>
    <system-out><![CDATA[14:55:04.491 [main] DEBUG org.apache.ibatis.logging.LogFactory - Logging initialized using 'class org.apache.ibatis.logging.slf4j.Slf4jImpl' adapter.
Logging initialized using 'class org.apache.ibatis.logging.stdout.StdOutImpl' adapter.
PooledDataSource forcefully closed/removed all connections.
PooledDataSource forcefully closed/removed all connections.
PooledDataSource forcefully closed/removed all connections.
PooledDataSource forcefully closed/removed all connections.
Opening JDBC Connection
Created connection 1991278377.
Setting autocommit to false on JDBC Connection [com.mysql.cj.jdbc.ConnectionImpl@76b07f29]
==>  Preparing: select * from loginCase where id = ?; 
==> Parameters: 1(Integer)
<==    Columns: id, userName, password, expected
<==        Row: 1, zhangsan, 123456, true
<==      Total: 1
LoginCase(id=1, userName=zhangsan, password=123456, expected=true)
http://localhost:8998/v1/login
14:55:05.582 [main] DEBUG o.a.h.i.conn.SingleClientConnManager - Get connection for route HttpRoute[{}->http://localhost:8998]
14:55:05.584 [main] DEBUG o.a.h.i.c.DefaultClientConnectionOperator - Connecting to localhost:8998
14:55:07.616 [main] DEBUG o.a.h.i.c.DefaultClientConnectionOperator - Connect to localhost:8998 timed out. Connection will be retried using another IP address
14:55:07.616 [main] DEBUG o.a.h.i.c.DefaultClientConnectionOperator - Connecting to localhost:8998
14:55:09.664 [main] DEBUG o.a.h.i.conn.DefaultClientConnection - Connection closed
14:55:09.664 [main] DEBUG o.a.h.i.conn.DefaultClientConnection - Connection shut down
14:55:09.664 [main] DEBUG o.a.h.i.conn.SingleClientConnManager - Releasing connection org.apache.http.impl.conn.SingleClientConnManager$ConnAdapter@479ceda0
]]></system-out>
  </testcase>
  <testcase name="loginFalse" classname="com.course.cases.LoginTest" time="4.158">
    <failure message="Connection to http://localhost:8998 refused" type="org.apache.http.conn.HttpHostConnectException">org.apache.http.conn.HttpHostConnectException: Connection to http://localhost:8998 refused
	at com.course.cases.LoginTest.getResult(LoginTest.java:74)
	at com.course.cases.LoginTest.loginFalse(LoginTest.java:57)
Caused by: java.net.ConnectException: Connection refused: connect
	at com.course.cases.LoginTest.getResult(LoginTest.java:74)
	at com.course.cases.LoginTest.loginFalse(LoginTest.java:57)
</failure>
    <system-out><![CDATA[Logging initialized using 'class org.apache.ibatis.logging.stdout.StdOutImpl' adapter.
PooledDataSource forcefully closed/removed all connections.
PooledDataSource forcefully closed/removed all connections.
PooledDataSource forcefully closed/removed all connections.
PooledDataSource forcefully closed/removed all connections.
Opening JDBC Connection
Created connection 94157402.
Setting autocommit to false on JDBC Connection [com.mysql.cj.jdbc.ConnectionImpl@59cba5a]
==>  Preparing: select * from loginCase where id = ?; 
==> Parameters: 2(Integer)
<==    Columns: id, userName, password, expected
<==        Row: 2, zhangsan, 123, false
<==      Total: 1
LoginCase(id=2, userName=zhangsan, password=123, expected=false)
http://localhost:8998/v1/login
14:55:09.741 [main] DEBUG o.a.h.i.conn.SingleClientConnManager - Get connection for route HttpRoute[{}->http://localhost:8998]
14:55:09.741 [main] DEBUG o.a.h.i.c.DefaultClientConnectionOperator - Connecting to localhost:8998
14:55:11.785 [main] DEBUG o.a.h.i.c.DefaultClientConnectionOperator - Connect to localhost:8998 timed out. Connection will be retried using another IP address
14:55:11.785 [main] DEBUG o.a.h.i.c.DefaultClientConnectionOperator - Connecting to localhost:8998
14:55:13.826 [main] DEBUG o.a.h.i.conn.DefaultClientConnection - Connection closed
14:55:13.826 [main] DEBUG o.a.h.i.conn.DefaultClientConnection - Connection shut down
14:55:13.826 [main] DEBUG o.a.h.i.conn.SingleClientConnManager - Releasing connection org.apache.http.impl.conn.SingleClientConnManager$ConnAdapter@6f19ac19
]]></system-out>
  </testcase>
  <testcase name="addUser" classname="com.course.cases.AddUserTest" time="0">
    <skipped message="Method AddUserTest.addUser()[pri:0, instance:com.course.cases.AddUserTest@5a61f5df] depends on not successfully finished methods in group &quot;loginTrue&quot;"/>
  </testcase>
  <testcase name="getUerInfoTest" classname="com.course.cases.GetUserInfoTest" time="0">
    <skipped message="Method GetUserInfoTest.getUerInfoTest()[pri:0, instance:com.course.cases.GetUserInfoTest@531be3c5] depends on not successfully finished methods in group &quot;loginTrue&quot;"/>
  </testcase>
  <testcase name="getUserListInfo" classname="com.course.cases.GetUserInfoListTest" time="0">
    <skipped message="Method GetUserInfoListTest.getUserListInfo()[pri:0, instance:com.course.cases.GetUserInfoListTest@52af6cff] depends on not successfully finished methods in group &quot;loginTrue&quot;"/>
  </testcase>
  <testcase name="updateUserInfo" classname="com.course.cases.UpdateUserInfoTest" time="0">
    <skipped message="Method UpdateUserInfoTest.updateUserInfo()[pri:0, instance:com.course.cases.UpdateUserInfoTest@735b478] depends on not successfully finished methods in group &quot;loginTrue&quot;"/>
  </testcase>
  <testcase name="deleteUser" classname="com.course.cases.UpdateUserInfoTest" time="0">
    <skipped message="Method UpdateUserInfoTest.deleteUser()[pri:0, instance:com.course.cases.UpdateUserInfoTest@735b478] depends on not successfully finished methods in group &quot;loginTrue&quot;"/>
  </testcase>
</testsuite>