<?xml version="1.0" encoding="UTF-8"?>
<!-- Generated by org.testng.reporters.JUnitReportReporter -->
<testsuite name="com.course.cases.GetUserInfoTest" tests="1" time="0.000" ignored="0" failures="0" timestamp="10 四月 2021 06:55:13 GMT" skipped="1" hostname="DESKTOP-0EGIJD1" errors="0">
  <testcase name="getUerInfoTest" time="0.000" classname="com.course.cases.GetUserInfoTest">
    <skipped/>
  </testcase> <!-- getUerInfoTest -->
</testsuite> <!-- com.course.cases.GetUserInfoTest -->
